app/for/intermediates/manifest_merge_blame_file/debug/manifest-merger-blame-debug-report.txt
1<?xml version="1.0" encoding="utf-8"?>
2<manifest xmlns:android="http://schemas.android.com/apk/res/android"
3    package="com.example.qr_code_generator"
4    android:versionCode="1"
5    android:versionName="1.0" >
6
7    <uses-sdk
8        android:minSdkVersion="22"
8-->src\main\AndroidManifest.xml
9        android:targetSdkVersion="33" />
9-->src\main\AndroidManifest.xml
10
11    <uses-permission android:name="android.permission.CAMERA" /> <!-- Don't require camera, as this requires a rear camera. This allows it to work on the Nexus 7 -->
11-->[com.journeyapps:zxing-android-embedded:4.3.0] AndroidManifest.xml:22:5-65
11-->[com.journeyapps:zxing-android-embedded:4.3.0] AndroidManifest.xml:22:22-62
12    <uses-feature
12-->[com.journeyapps:zxing-android-embedded:4.3.0] AndroidManifest.xml:25:5-27:36
13        android:name="android.hardware.camera"
13-->[com.journeyapps:zxing-android-embedded:4.3.0] AndroidManifest.xml:26:9-47
14        android:required="false" />
14-->[com.journeyapps:zxing-android-embedded:4.3.0] AndroidManifest.xml:27:9-33
15    <uses-feature
15-->[com.journeyapps:zxing-android-embedded:4.3.0] AndroidManifest.xml:28:5-30:36
16        android:name="android.hardware.camera.front"
16-->[com.journeyapps:zxing-android-embedded:4.3.0] AndroidManifest.xml:29:9-53
17        android:required="false" /> <!-- TODO replace above two with next line after Android 4.2 -->
17-->[com.journeyapps:zxing-android-embedded:4.3.0] AndroidManifest.xml:30:9-33
18    <!-- <uses-feature android:name="android.hardware.camera.any"/> -->
19    <uses-feature
19-->[com.journeyapps:zxing-android-embedded:4.3.0] AndroidManifest.xml:33:5-35:36
20        android:name="android.hardware.camera.autofocus"
20-->[com.journeyapps:zxing-android-embedded:4.3.0] AndroidManifest.xml:34:9-57
21        android:required="false" />
21-->[com.journeyapps:zxing-android-embedded:4.3.0] AndroidManifest.xml:35:9-33
22    <uses-feature
22-->[com.journeyapps:zxing-android-embedded:4.3.0] AndroidManifest.xml:36:5-38:36
23        android:name="android.hardware.camera.flash"
23-->[com.journeyapps:zxing-android-embedded:4.3.0] AndroidManifest.xml:37:9-53
24        android:required="false" />
24-->[com.journeyapps:zxing-android-embedded:4.3.0] AndroidManifest.xml:38:9-33
25    <uses-feature
25-->[com.journeyapps:zxing-android-embedded:4.3.0] AndroidManifest.xml:39:5-41:36
26        android:name="android.hardware.screen.landscape"
26-->[com.journeyapps:zxing-android-embedded:4.3.0] AndroidManifest.xml:40:9-57
27        android:required="false" />
27-->[com.journeyapps:zxing-android-embedded:4.3.0] AndroidManifest.xml:41:9-33
28    <uses-feature
28-->[com.journeyapps:zxing-android-embedded:4.3.0] AndroidManifest.xml:42:5-44:36
29        android:name="android.hardware.wifi"
29-->[com.journeyapps:zxing-android-embedded:4.3.0] AndroidManifest.xml:43:9-45
30        android:required="false" />
30-->[com.journeyapps:zxing-android-embedded:4.3.0] AndroidManifest.xml:44:9-33
31
32    <permission
32-->[androidx.core:core:1.9.0] AndroidManifest.xml:22:5-24:47
33        android:name="com.example.qr_code_generator.DYNAMIC_RECEIVER_NOT_EXPORTED_PERMISSION"
33-->[androidx.core:core:1.9.0] AndroidManifest.xml:23:9-81
34        android:protectionLevel="signature" />
34-->[androidx.core:core:1.9.0] AndroidManifest.xml:24:9-44
35
36    <uses-permission android:name="com.example.qr_code_generator.DYNAMIC_RECEIVER_NOT_EXPORTED_PERMISSION" />
36-->[androidx.core:core:1.9.0] AndroidManifest.xml:26:5-97
36-->[androidx.core:core:1.9.0] AndroidManifest.xml:26:22-94
37
38    <application
38-->src\main\AndroidManifest.xml:5:5-38:19
39        android:allowBackup="true"
39-->src\main\AndroidManifest.xml:6:9-35
40        android:appComponentFactory="androidx.core.app.CoreComponentFactory"
40-->[androidx.core:core:1.9.0] AndroidManifest.xml:28:18-86
41        android:dataExtractionRules="@xml/data_extraction_rules"
41-->src\main\AndroidManifest.xml:7:9-65
42        android:debuggable="true"
43        android:fullBackupContent="@xml/backup_rules"
43-->src\main\AndroidManifest.xml:8:9-54
44        android:icon="@mipmap/ic_launcher"
44-->src\main\AndroidManifest.xml:9:9-43
45        android:label="@string/app_name"
45-->src\main\AndroidManifest.xml:10:9-41
46        android:supportsRtl="true"
46-->src\main\AndroidManifest.xml:11:9-35
47        android:testOnly="true"
48        android:theme="@style/Theme.QR_Code_Generator" >
48-->src\main\AndroidManifest.xml:12:9-55
49        <activity
49-->src\main\AndroidManifest.xml:14:9-16:40
50            android:name="com.example.qr_code_generator.Details_Activity"
50-->src\main\AndroidManifest.xml:15:13-45
51            android:exported="false" />
51-->src\main\AndroidManifest.xml:16:13-37
52        <activity
52-->src\main\AndroidManifest.xml:17:9-19:40
53            android:name="com.example.qr_code_generator.Location_Activity"
53-->src\main\AndroidManifest.xml:18:13-46
54            android:exported="false" />
54-->src\main\AndroidManifest.xml:19:13-37
55        <activity
55-->src\main\AndroidManifest.xml:20:9-22:40
56            android:name="com.example.qr_code_generator.Wifi_Activity"
56-->src\main\AndroidManifest.xml:21:13-42
57            android:exported="false" />
57-->src\main\AndroidManifest.xml:22:13-37
58        <activity
58-->src\main\AndroidManifest.xml:23:9-25:40
59            android:name="com.example.qr_code_generator.URL_Activity"
59-->src\main\AndroidManifest.xml:24:13-41
60            android:exported="false" />
60-->src\main\AndroidManifest.xml:25:13-37
61        <activity
61-->src\main\AndroidManifest.xml:26:9-28:40
62            android:name="com.example.qr_code_generator.TextActivity"
62-->src\main\AndroidManifest.xml:27:13-41
63            android:exported="false" />
63-->src\main\AndroidManifest.xml:28:13-37
64        <activity
64-->src\main\AndroidManifest.xml:29:9-37:20
65            android:name="com.example.qr_code_generator.MainActivity"
65-->src\main\AndroidManifest.xml:30:13-41
66            android:exported="true" >
66-->src\main\AndroidManifest.xml:31:13-36
67            <intent-filter>
67-->src\main\AndroidManifest.xml:32:13-36:29
68                <action android:name="android.intent.action.MAIN" />
68-->src\main\AndroidManifest.xml:33:17-69
68-->src\main\AndroidManifest.xml:33:25-66
69
70                <category android:name="android.intent.category.LAUNCHER" />
70-->src\main\AndroidManifest.xml:35:17-77
70-->src\main\AndroidManifest.xml:35:27-74
71            </intent-filter>
72        </activity>
73        <activity
73-->[com.journeyapps:zxing-android-embedded:4.3.0] AndroidManifest.xml:47:9-53:63
74            android:name="com.journeyapps.barcodescanner.CaptureActivity"
74-->[com.journeyapps:zxing-android-embedded:4.3.0] AndroidManifest.xml:48:13-74
75            android:clearTaskOnLaunch="true"
75-->[com.journeyapps:zxing-android-embedded:4.3.0] AndroidManifest.xml:49:13-45
76            android:screenOrientation="sensorLandscape"
76-->[com.journeyapps:zxing-android-embedded:4.3.0] AndroidManifest.xml:50:13-56
77            android:stateNotNeeded="true"
77-->[com.journeyapps:zxing-android-embedded:4.3.0] AndroidManifest.xml:51:13-42
78            android:theme="@style/zxing_CaptureTheme"
78-->[com.journeyapps:zxing-android-embedded:4.3.0] AndroidManifest.xml:52:13-54
79            android:windowSoftInputMode="stateAlwaysHidden" />
79-->[com.journeyapps:zxing-android-embedded:4.3.0] AndroidManifest.xml:53:13-60
80
81        <provider
81-->[androidx.emoji2:emoji2:1.2.0] AndroidManifest.xml:24:9-32:20
82            android:name="androidx.startup.InitializationProvider"
82-->[androidx.emoji2:emoji2:1.2.0] AndroidManifest.xml:25:13-67
83            android:authorities="com.example.qr_code_generator.androidx-startup"
83-->[androidx.emoji2:emoji2:1.2.0] AndroidManifest.xml:26:13-68
84            android:exported="false" >
84-->[androidx.emoji2:emoji2:1.2.0] AndroidManifest.xml:27:13-37
85            <meta-data
85-->[androidx.emoji2:emoji2:1.2.0] AndroidManifest.xml:29:13-31:52
86                android:name="androidx.emoji2.text.EmojiCompatInitializer"
86-->[androidx.emoji2:emoji2:1.2.0] AndroidManifest.xml:30:17-75
87                android:value="androidx.startup" />
87-->[androidx.emoji2:emoji2:1.2.0] AndroidManifest.xml:31:17-49
88            <meta-data
88-->[androidx.lifecycle:lifecycle-process:2.4.1] AndroidManifest.xml:31:13-33:52
89                android:name="androidx.lifecycle.ProcessLifecycleInitializer"
89-->[androidx.lifecycle:lifecycle-process:2.4.1] AndroidManifest.xml:32:17-78
90                android:value="androidx.startup" />
90-->[androidx.lifecycle:lifecycle-process:2.4.1] AndroidManifest.xml:33:17-49
91        </provider>
92    </application>
93
94</manifest>